2026-01-14 03:21:26,540 - als_auth_logger - INFO - user:test@gmail.com successfully registered
2026-01-14 03:23:53,287 - als_auth_logger - INFO - username:test@gmail.com successfully logged in
2026-01-14 03:25:32,075 - als_auth_logger - INFO - username:test@gmail.com successfully logged in
2026-01-14 03:25:37,891 - als_auth_logger - INFO - username:test@gmail.com successfully logged in
2026-01-14 03:26:12,723 - als_auth_logger - INFO - username:test@gmail.com successfully logged in
2026-01-14 03:42:58,436 - als_auth_logger - INFO - username:test@gmail.com successfully logged in
2026-01-14 08:19:05,607 - als_auth_logger - INFO - username:test@gmail.com successfully logged in
2026-01-14 08:49:25,252 - als_auth_logger - INFO - username:test@gmail.com successfully logged in
2026-01-14 10:30:34,831 - als_auth_logger - INFO - username:test@gmail.com successfully logged in
2026-01-14 10:36:15,001 - als_auth_logger - INFO - username:test@gmail.com successfully logged in
2026-01-14 10:56:22,901 - als_auth_logger - INFO - username:test@gmail.com successfully logged in
2026-01-14 11:14:28,870 - als_auth_logger - INFO - username:test@gmail.com successfully logged in
2026-01-14 11:37:14,719 - als_auth_logger - INFO - username:test@gmail.com successfully logged in
2026-01-14 11:37:15,782 - als_auth_logger - INFO - username:test@gmail.com successfully logged in
2026-01-14 11:37:20,991 - als_auth_logs - INFO - user:user@example.com successfully registered
2026-01-14 11:39:03,695 - als_auth_logs - INFO - user:tim@gmail.com successfully registered
2026-01-14 11:42:47,941 - als_auth_logs - INFO - user:tim2@gmail.com successfully registered
2026-01-14 11:44:24,422 - als_auth_logger - INFO - username:tim2@gmail.com successfully logged in
2026-01-14 11:47:24,521 - als_auth_logger - INFO - username:test@gmail.com successfully logged in
2026-01-14 12:16:30,042 - als_auth_logger - INFO - username:test@gmail.com successfully logged in
2026-01-14 12:16:30,560 - als_auth_logger - INFO - username:test@gmail.com successfully logged in
2026-01-14 12:17:09,299 - als_auth_logger - INFO - username:test@gmail.com successfully logged in
2026-01-14 12:18:39,322 - als_auth_logger - INFO - username:tim2@gmail.com successfully logged in
2026-01-14 12:23:57,702 - als_auth_logger - INFO - username:test@gmail.com successfully logged in
2026-01-15 08:53:48,210 - als_auth_logger - INFO - username:tim2@gmail.com successfully logged in
2026-01-15 08:56:29,693 - als_auth_logs - INFO - user:admin@gmail.com successfully registered
2026-01-15 08:57:24,363 - als_auth_logger - INFO - username:admin@gmail.com successfully logged in
2026-01-15 09:31:28,296 - als_auth_logs - INFO - user with email:admin@gmail.com already exists
2026-01-15 09:34:53,732 - als_auth_logger - INFO - user password:admin#27# does not exist
2026-01-15 09:35:01,197 - als_auth_logger - INFO - user password:admin#27# does not exist
2026-01-15 09:35:06,983 - als_auth_logger - INFO - user password:admin#27# does not exist
2026-01-15 09:35:10,163 - als_auth_logger - INFO - user password:admin#27# does not exist
2026-01-15 09:36:04,004 - als_auth_logger - INFO - user password:admin#27# does not exist
2026-01-15 09:36:17,556 - als_auth_logger - INFO - username:admin@gmail.com successfully logged in
2026-01-15 09:58:38,248 - als_auth_logger - INFO - username:test@gmail.com successfully logged in
2026-01-15 10:08:02,657 - als_auth_logger - INFO - username:admin@gmail.com successfully logged in
2026-01-15 11:00:27,402 - als_auth_logger - INFO - user password:Admin#28# does not exist
2026-01-15 11:00:37,926 - als_auth_logger - INFO - username:admin@gmail.com successfully logged in
2026-01-15 11:03:17,453 - als_auth_logger - INFO - username:admin@gmail.com successfully logged in
2026-01-15 11:15:10,023 - als_auth_logger - INFO - username:admin@gmail.com successfully logged in
2026-01-15 11:25:16,044 - als_auth_logger - INFO - username:admin@gmail.com successfully logged in
2026-01-15 11:47:27,635 - als_auth_logger - INFO - username:admin@gmail.com successfully logged in
2026-01-15 11:52:33,445 - als_auth_logger - INFO - username:admin@gmail.com successfully logged in
2026-01-15 11:56:47,683 - als_auth_logger - INFO - username:admin@gmail.com successfully logged in
2026-01-15 12:04:48,233 - als_auth_logger - INFO - username:admin@gmail.com successfully logged in
2026-01-15 13:26:16,172 - als_auth_logger - INFO - username:admin@gmail.com successfully logged in
2026-01-15 13:26:42,474 - als_auth_logger - INFO - username:admin@gmail.com successfully logged in
2026-01-15 13:28:57,475 - als_auth_logger - INFO - username:admin@gmail.com successfully logged in
2026-01-16 08:56:48,350 - als_auth_logger - INFO - username:admin@gmail.com successfully logged in
2026-01-16 09:00:44,422 - als_auth_logger - INFO - username:admin@gmail.com successfully logged in
2026-01-16 09:02:23,978 - als_auth_logger - INFO - username:admin@gmail.com successfully logged in
2026-01-16 09:21:37,218 - als_auth_logger - INFO - username:admin@gmail.com successfully logged in
2026-01-16 09:49:31,619 - als_auth_logger - INFO - username:admin@gmail.com successfully logged in
2026-01-16 09:54:06,648 - als_auth_logger - INFO - username:admin@gmail.com successfully logged in
2026-01-16 10:18:05,983 - als_auth_logger - INFO - username:admin@gmail.com successfully logged in
2026-01-16 10:19:17,789 - als_auth_logger - INFO - user password:Tim#27# does not exist
2026-01-16 10:20:20,487 - als_auth_logs - INFO - user:NoAdmin@gmail.com successfully registered
2026-01-16 10:20:45,839 - als_auth_logger - INFO - username:NoAdmin@gmail.com successfully logged in
2026-01-16 10:22:20,223 - als_auth_logger - INFO - username:NoAdmin@gmail.com successfully logged in
2026-01-16 10:23:12,636 - als_auth_logger - INFO - username:admin@gmail.com successfully logged in
2026-01-16 10:24:25,218 - als_auth_logger - INFO - username:admin@gmail.com successfully logged in
2026-01-16 10:25:53,147 - als_auth_logger - INFO - username:admin@gmail.com successfully logged in
2026-01-16 10:27:04,950 - als_auth_logger - INFO - username:NoAdmin@gmail.com successfully logged in
2026-01-16 10:27:31,170 - als_auth_logger - INFO - username:admin@gmail.com successfully logged in
2026-01-16 10:29:21,471 - als_auth_logger - INFO - username:NoAdmin@gmail.com successfully logged in
2026-01-16 10:30:10,406 - als_auth_logger - INFO - username:admin@gmail.com successfully logged in
2026-01-16 10:30:34,343 - als_auth_logger - INFO - username:NoAdmin@gmail.com successfully logged in
2026-01-16 10:31:34,146 - als_auth_logs - INFO - user:nzimande@gmail.com successfully registered
2026-01-16 10:32:14,097 - als_auth_logger - INFO - username:nzimande@gmail.com successfully logged in
2026-01-16 10:43:35,143 - als_auth_logger - INFO - username:nzimande@gmail.com successfully logged in
2026-01-16 10:45:16,135 - als_auth_logger - INFO - username:nzimande@gmail.com successfully logged in
2026-01-16 10:45:43,601 - als_auth_logger - INFO - username:admin@gmail.com successfully logged in
2026-01-16 10:46:44,384 - als_auth_logger - INFO - username:nzimande@gmail.com successfully logged in
2026-01-16 10:47:10,190 - als_auth_logger - INFO - username:admin@gmail.com successfully logged in
2026-01-16 10:49:54,892 - als_auth_logs - INFO - user:iconaf_admin@gmail.com successfully registered
2026-01-16 10:50:32,688 - als_auth_logger - INFO - username:iconaf_admin@gmail.com successfully logged in
2026-01-16 10:51:07,102 - als_auth_logs - INFO - user:iconaf_admin2@gmail.com successfully registered
2026-01-16 10:51:51,549 - als_auth_logger - INFO - username:iconaf_admin2@gmail.com successfully logged in
2026-01-16 10:54:37,739 - als_auth_logger - INFO - username:iconaf_admin2@gmail.com successfully logged in
2026-01-16 11:00:46,675 - als_auth_logger - INFO - username:iconaf_admin@gmail.com successfully logged in
2026-01-16 11:03:19,362 - als_auth_logger - INFO - username:iconaf_admin2@gmail.com successfully logged in
2026-01-16 11:04:35,606 - als_auth_logger - INFO - username:iconaf_admin2@gmail.com successfully logged in
2026-01-16 11:05:41,015 - als_auth_logger - INFO - user password:iconaf#28# does not exist
2026-01-16 11:05:45,687 - als_auth_logger - INFO - username:iconaf_admin2@gmail.com successfully logged in
2026-01-19 11:11:12,745 - als_auth_logs - INFO - user:test_user@gmail.com successfully registered
2026-01-19 11:11:56,148 - als_auth_logger - INFO - user password:Test_user#27# does not exist
2026-01-19 11:12:31,132 - als_auth_logger - INFO - username:test_user@gmail.com successfully logged in
2026-01-19 11:21:43,487 - als_auth_logger - INFO - username:test_user@gmail.com successfully logged in
2026-01-19 11:26:11,160 - als_auth_logger - INFO - username:test_user@gmail.com successfully logged in
2026-01-19 11:30:57,521 - als_auth_logs - INFO - user:test_admin@gmail.com successfully registered
2026-01-19 11:32:26,615 - als_auth_logger - INFO - username:test_admin@gmail.com successfully logged in
2026-01-19 11:43:20,645 - als_auth_logger - INFO - username:test_admin@gmail.com successfully logged in
2026-01-19 11:49:33,353 - als_auth_logger - INFO - username:test_admin@gmail.com successfully logged in
2026-01-19 11:58:21,886 - als_auth_logger - INFO - username:test_admin@gmail.com successfully logged in
2026-01-19 12:01:04,066 - als_auth_logger - INFO - username:test_admin@gmail.com successfully logged in
2026-01-19 12:04:06,062 - als_auth_logger - INFO - username:test_admin@gmail.com successfully logged in
2026-01-19 12:06:37,686 - als_auth_logger - INFO - username:test_admin@gmail.com successfully logged in
2026-01-19 12:35:08,747 - als_auth_logger - INFO - username:test_admin@gmail.com successfully logged in
2026-01-19 12:38:35,126 - als_auth_logger - INFO - username:test_admin@gmail.com successfully logged in
2026-01-19 12:52:54,438 - als_auth_logger - INFO - username:test_admin@gmail.com successfully logged in
2026-01-19 13:02:26,469 - als_auth_logger - INFO - username:test_admin@gmail.com successfully logged in
2026-01-19 14:50:39,241 - als_auth_logger - INFO - username:test_admin@gmail.com successfully logged in
2026-01-20 04:29:18,231 - als_auth_logger - INFO - username:test_admin@gmail.com successfully logged in
2026-01-20 06:01:25,962 - als_auth_logger - INFO - username:test_admin@gmail.com successfully logged in
2026-01-20 07:41:58,044 - als_auth_logger - INFO - username:test_admin@gmail.com successfully logged in
2026-01-20 07:59:10,096 - als_auth_logger - INFO - username:test_admin@gmail.com successfully logged in
2026-01-20 09:01:52,437 - als_auth_logger - INFO - username:test_admin@gmail.com successfully logged in
2026-01-20 10:48:00,264 - als_auth_logger - INFO - username:test_admin@gmail.com successfully logged in
2026-01-20 12:02:36,978 - als_auth_logger - INFO - username:test_admin@gmail.com successfully logged in
2026-01-20 12:02:38,066 - als_auth_logger - INFO - username:test_admin@gmail.com successfully logged in
2026-01-20 13:55:41,513 - als_auth_logger - INFO - username:test_admin@gmail.com successfully logged in
2026-01-20 16:17:21,479 - als_auth_logger - INFO - username:test_admin@gmail.com successfully logged in
2026-01-21 05:44:48,991 - als_auth_logger - INFO - username:test_admin@gmail.com successfully logged in
2026-01-21 06:40:21,346 - als_auth_logger - INFO - user password:test_user#27# does not exist
2026-01-21 06:40:28,363 - als_auth_logger - INFO - username:test_admin@gmail.com successfully logged in
2026-01-21 06:40:56,663 - als_auth_logger - INFO - username:test_admin@gmail.com successfully logged in
2026-01-21 08:06:43,446 - als_auth_logger - INFO - username:test_admin@gmail.com successfully logged in
2026-01-21 08:09:55,474 - als_auth_logger - INFO - username:test_admin@gmail.com successfully logged in
2026-01-21 08:43:51,958 - als_auth_logger - INFO - username:test_admin@gmail.com successfully logged in
2026-01-21 10:26:24,609 - als_auth_logger - INFO - username:test_admin@gmail.com successfully logged in
2026-01-21 10:33:32,566 - als_auth_logger - INFO - username:test_admin@gmail.com successfully logged in
2026-01-21 12:39:33,905 - als_auth_logger - INFO - username:test_admin@gmail.com successfully logged in
2026-01-21 12:56:20,872 - als_auth_logger - INFO - username:test_admin@gmail.com successfully logged in
2026-01-21 15:47:02,244 - als_auth_logger - INFO - username:test_admin@gmail.com successfully logged in
2026-01-22 01:33:51,445 - als_auth_logger - INFO - username:test_admin@gmail.com successfully logged in
2026-01-22 03:03:48,292 - als_auth_logger - INFO - username:test_admin@gmail.com successfully logged in
2026-01-22 03:37:46,616 - als_auth_logger - INFO - username:test_admin@gmail.com successfully logged in
2026-01-22 03:56:49,196 - als_auth_logger - INFO - username:test_admin@gmail.com successfully logged in
2026-01-22 04:26:22,137 - als_auth_logger - INFO - username:test_admin@gmail.com successfully logged in
2026-01-22 05:08:02,835 - als_auth_logger - INFO - username:test_admin@gmail.com successfully logged in
2026-01-22 05:09:59,448 - als_auth_logger - INFO - username:test_admin@gmail.com successfully logged in
2026-01-22 05:27:14,434 - als_auth_logger - INFO - username:test_admin@gmail.com successfully logged in
2026-01-22 05:29:56,772 - als_auth_logger - INFO - username:test_admin@gmail.com successfully logged in
2026-01-22 07:48:59,920 - als_auth_logger - INFO - username:test_admin@gmail.com successfully logged in
2026-01-22 07:52:03,106 - als_auth_logger - INFO - username:test_admin@gmail.com successfully logged in
2026-01-22 09:53:42,726 - als_auth_logger - INFO - username:test_admin@gmail.com successfully logged in
2026-01-22 11:15:27,824 - als_auth_logger - INFO - username:test_admin@gmail.com successfully logged in
2026-01-22 11:16:40,957 - als_auth_logger - INFO - username:test_admin@gmail.com successfully logged in
2026-01-22 11:47:08,633 - als_auth_logger - INFO - username:test_admin@gmail.com successfully logged in
2026-01-22 11:55:07,809 - als_auth_logger - INFO - username:test_admin@gmail.com successfully logged in
2026-01-22 16:39:29,620 - als_auth_logger - INFO - username:test_admin@gmail.com successfully logged in
2026-01-22 16:43:19,018 - als_auth_logger - INFO - username:test_admin@gmail.com successfully logged in
2026-01-23 00:24:32,684 - als_auth_logger - INFO - username:test_admin@gmail.com successfully logged in
2026-01-23 02:11:21,194 - als_auth_logger - INFO - username:test_admin@gmail.com successfully logged in
2026-01-23 02:18:59,716 - als_auth_logger - INFO - username:test_admin@gmail.com successfully logged in
2026-01-23 06:36:09,420 - als_auth_logger - INFO - username:test_admin@gmail.com successfully logged in
2026-01-23 07:49:41,942 - als_auth_logger - INFO - username:test_admin@gmail.com successfully logged in
2026-01-23 07:51:30,252 - als_auth_logger - INFO - username:test_admin@gmail.com successfully logged in
2026-01-23 08:20:15,147 - als_auth_logger - INFO - username:test_admin@gmail.com successfully logged in
2026-01-23 08:26:48,192 - als_auth_logger - INFO - username:test_admin@gmail.com successfully logged in
2026-01-23 08:45:10,813 - als_auth_logger - INFO - username:test_admin@gmail.com successfully logged in
2026-01-23 09:54:40,099 - als_auth_logger - INFO - username:test_admin@gmail.com successfully logged in
2026-01-23 10:25:31,793 - als_auth_logger - INFO - username:test_admin@gmail.com successfully logged in
2026-01-23 10:39:23,572 - als_auth_logger - INFO - username:test_admin@gmail.com successfully logged in
2026-01-23 11:23:32,195 - als_auth_logger - INFO - username:test_admin@gmail.com successfully logged in
2026-01-23 14:20:22,393 - als_auth_logger - INFO - username:test_admin@gmail.com successfully logged in
2026-01-23 14:23:52,724 - als_auth_logger - INFO - username:test_admin@gmail.com successfully logged in
2026-01-23 16:24:23,459 - als_auth_logger - INFO - username:test_admin@gmail.com successfully logged in
2026-01-24 09:54:28,189 - als_auth_logger - INFO - username:test_admin@gmail.com successfully logged in
2026-01-24 12:19:10,259 - als_auth_logger - INFO - username:test_admin@gmail.com successfully logged in
2026-01-24 17:51:10,654 - als_auth_logger - INFO - username:test_admin@gmail.com successfully logged in
2026-01-24 19:49:31,459 - als_auth_logger - INFO - username:test_admin@gmail.com successfully logged in
2026-01-24 21:08:12,447 - als_auth_logger - INFO - username:test_admin@gmail.com successfully logged in
2026-01-25 06:27:13,181 - als_auth_logger - INFO - username:test_admin@gmail.com successfully logged in
2026-01-25 07:57:41,548 - als_auth_logger - INFO - username:test_admin@gmail.com successfully logged in
2026-01-25 09:39:29,067 - als_auth_logger - INFO - username:test_admin@gmail.com successfully logged in
2026-01-25 10:41:35,680 - als_auth_logger - INFO - username:test_admin@gmail.com successfully logged in
2026-01-25 12:52:48,014 - als_auth_logger - INFO - username:test_admin@gmail.com successfully logged in
2026-01-25 13:03:35,470 - als_auth_logger - INFO - username:test_admin@gmail.com successfully logged in
2026-01-25 15:12:31,601 - als_auth_logger - INFO - username:test_admin@gmail.com successfully logged in
2026-01-25 15:17:06,500 - als_auth_logger - INFO - username:test_admin@gmail.com successfully logged in
2026-01-26 05:36:56,931 - als_auth_logger - INFO - username:test_admin@gmail.com successfully logged in
2026-01-26 05:37:54,253 - als_auth_logger - INFO - username:test_admin@gmail.com successfully logged in
2026-01-26 05:53:45,637 - als_auth_logger - INFO - username:test_admin@gmail.com successfully logged in
2026-01-26 07:21:26,420 - als_auth_logger - INFO - username:test_admin@gmail.com successfully logged in
2026-01-26 08:30:41,495 - als_auth_logger - INFO - username:test_admin@gmail.com successfully logged in
2026-01-27 10:08:09,036 - als_auth_logger - INFO - username:test_admin@gmail.com successfully logged in
2026-01-27 11:50:50,993 - als_auth_logger - INFO - username:test_admin@gmail.com successfully logged in
2026-01-28 14:39:03,854 - als_auth_logger - INFO - username:test_admin@gmail.com successfully logged in
2026-01-28 14:46:22,379 - als_auth_logger - INFO - username:test_admin@gmail.com successfully logged in
2026-01-28 14:53:18,514 - als_auth_logger - INFO - username:test_admin@gmail.com successfully logged in
